<?xml version="1.0" encoding="UTF-8"?>
<!-- Generated by org.testng.reporters.JUnitReportReporter -->
<testsuite skipped="0" hostname="COMPAQ-PC" name="Kiodex.MyTest" tests="1" failures="0" timestamp="04 Nov 2018 17:08:05 GMT" time="56.864" errors="0">
  <testcase name="f" time="56.864" classname="Kiodex.MyTest"/>
</testsuite> <!-- Kiodex.MyTest -->
