<?xml version="1.0" encoding="UTF-8"?>
<!-- Generated by org.testng.reporters.JUnitReportReporter -->
<testsuite skipped="0" hostname="COMPAQ-PC" name="myStudy_Test.Test_Chrome_UnTrustedCertification" tests="1" failures="0" timestamp="07 Nov 2018 18:17:41 GMT" time="43.090" errors="0">
  <testcase name="test_UntrustedCertificate" time="43.090" classname="myStudy_Test.Test_Chrome_UnTrustedCertification"/>
</testsuite> <!-- myStudy_Test.Test_Chrome_UnTrustedCertification -->
