<?xml version="1.0" encoding="UTF-8"?>
<!-- Generated by org.testng.reporters.JUnitReportReporter -->
<testsuite skipped="0" hostname="COMPAQ-PC" name="myStudy.RestAssuredDemo" tests="1" failures="0" timestamp="03 Dec 2018 15:46:16 GMT" time="2.404" errors="0">
  <testcase name="restAssuredDeleteDemo" time="2.404" classname="myStudy.RestAssuredDemo"/>
</testsuite> <!-- myStudy.RestAssuredDemo -->
